<?xml version="1.0" encoding="UTF-8"?>
<!-- Generated by org.testng.reporters.JUnitReportReporter -->
<testsuite hostname="LAPTOP-0M17UIVA" failures="0" tests="2" name="testcase.LoginTest" time="39.556" errors="0" timestamp="2024-08-26T16:11:45 IST" skipped="0">
  <testcase classname="testcase.LoginTest" name="verifyLoginWithValidUserNameInvalidPassword" time="20.846"/>
  <testcase classname="testcase.LoginTest" name="verifyLoginWithValidUserNameValidPassword" time="18.710"/>
</testsuite> <!-- testcase.LoginTest -->
